Diagnose log at 2026-06-02T08:31:51Z

AppPath: C:\Program Files\Git\mingw64\bin\git-credential-manager.exe
InstallDir: C:\Program Files\Git\mingw64\bin\
Version: 2.7.0+d1dd8a4ded75a2b1faae653157ac1699609442ad

------------
Diagnostic: Environment
Skipped: False
Success: True
Exception: None
Log:
OSType: Windows
OSVersion: 10.0 (build 26200)
Reading environment variables... OK
 Variables:
SESSIONNAME=Console
ProgramFiles(x86)=C:\Program Files (x86)
MSYSTEM=MINGW64
ProgramW6432=C:\Program Files
PROCESSOR_IDENTIFIER=AMD64 Family 25 Model 116 Stepping 1, AuthenticAMD
APPDATA=C:\Users\tobug\AppData\Roaming
TMP=C:\Users\tobug\AppData\Local\Temp
ALLUSERSPROFILE=C:\ProgramData
Path=C:/Program Files/Git/mingw64/libexec/git-core;C:\Program Files\Git\mingw64\bin;C:\Program Files\Git\usr\bin;C:\Users\tobug\bin;D:\Program Files\Python310\Scripts\;D:\Program Files\Python310\;C:\WINDOWS\system32;C:\WINDOWS;C:\WINDOWS\System32\Wbem;C:\WINDOWS\System32\WindowsPowerShell\v1.0\;C:\WINDOWS\System32\OpenSSH\;C:\Program Files\dotnet\;C:\Program Files (x86)\PuTTY\;C:\Program Files (x86)\NetSarang\Xshell 8\;C:\Program Files (x86)\NetSarang\Xftp 8\;C:\Program Files\nodejs\;C:\Program Files\Git\cmd;D:\Program Files\KeePassXC\;C:\Users\tobug\AppData\Local\Microsoft\WindowsApps;C:\Users\tobug\AppData\Roaming\npm
USERPROFILE=C:\Users\tobug
OPENCODE_EXPERIMENTAL_ICON_DISCOVERY=true
USERDOMAIN_ROAMINGPROFILE=linksoft
PROCESSOR_REVISION=7401
TMPDIR=C:\Users\tobug\AppData\Local\Temp
TEMP=C:\Users\tobug\AppData\Local\Temp
FPS_BROWSER_APP_PROFILE_STRING=Internet Explorer
FPS_BROWSER_USER_PROFILE_STRING=Default
LOGONSERVER=\\LINKSOFT
TERM=xterm-256color
OPENCODE_EXPERIMENTAL_FILEWATCHER=true
SystemRoot=C:\WINDOWS
CHROME_CRASHPAD_PIPE_NAME=\\.\pipe\crashpad_551408_ZRPULVDFSXYMONTO
GIT_EXEC_PATH=C:/Program Files/Git/mingw64/libexec/git-core
PLINK_PROTOCOL=ssh
HYOFFICEAI_SERVER_PATH=C:\Users\tobug\AppData\Local\Programs\HaiYingSoft\OfficeAI_Server
NO_PROXY=localhost,127.0.0.1,::1
OneDrive=C:\Users\tobug\OneDrive
PROCESSOR_ARCHITECTURE=AMD64
VBOX_MSI_INSTALL_PATH=C:\Program Files\Oracle\VirtualBox\
OPENCODE_SERVER_USERNAME=opencode
CommonProgramFiles=C:\Program Files\Common Files
OPENCODE_SERVER_PASSWORD=20ca93d4-4e45-460c-a329-1de7bb6b0567
PROCESSOR_LEVEL=25
ProgramData=C:\ProgramData
LC_CTYPE=C.UTF-8
HOMEPATH=\Users\tobug
EFC_432240_344590478=1
LOCALAPPDATA=C:\Users\tobug\AppData\Local
CommonProgramW6432=C:\Program Files\Common Files
USERNAME=tobug
EFC_432240_3789132940=1
XDG_STATE_HOME=C:\Users\tobug\AppData\Roaming\ai.opencode.desktop
HYOFFICEAI_PATH=C:\Users\tobug\AppData\Local\Programs\HaiYingSoft\OfficeAI
DriverData=C:\Windows\System32\Drivers\DriverData
EFC_432240_4126798990=1
windir=C:\WINDOWS
GIT_TRACE2_PARENT_SID=d18d5b08-761e-4368-8f06-2a1e60acfed3
SystemDrive=C:
NUMBER_OF_PROCESSORS=16
OS=Windows_NT
OPENCODE_CLIENT=desktop
ProgramFiles=C:\Program Files
ComSpec=C:\WINDOWS\system32\cmd.exe
HOMEDRIVE=C:
PATHEXT=.COM;.EXE;.BAT;.CMD;.VBS;.VBE;.JS;.JSE;.WSF;.WSH;.MSC;.PY;.PYW;.CPL
HOME=C:\Users\tobug
EFC_432240_1262719628=1
npm_config_user_agent=npm/undefined node/v24.14.1 win32 x64 workspaces/false
PSModulePath=D:\tobug\Documents\WindowsPowerShell\Modules;C:\Program Files\WindowsPowerShell\Modules;C:\WINDOWS\system32\WindowsPowerShell\v1.0\Modules
EFC_432240_2946480783=1
OPENCODE_DISABLE_EMBEDDED_WEB_UI=true
USERDOMAIN=linksoft
COMPUTERNAME=LINKSOFT
EFC_432240_1592913036=1
HTTPS_PROXY=http://127.0.0.1:10809
EFC_432240_2283032206=1
CommonProgramFiles(x86)=C:\Program Files (x86)\Common Files
COLORTERM=truecolor
EFC_432240_2775293581=1
PUBLIC=C:\Users\Public
HTTP_PROXY=http://127.0.0.1:10809


------------
Diagnostic: File system
Skipped: False
Success: True
Exception: None
Log:
Temporary directory is 'C:\Users\tobug\AppData\Local\Temp\'...
Checking basic file I/O...
Writing to temporary file 'C:\Users\tobug\AppData\Local\Temp\383f4cd9bf28be645e8ea3f4'... OK
Reading from temporary file 'C:\Users\tobug\AppData\Local\Temp\383f4cd9bf28be645e8ea3f4'... OK
Deleting temporary file 'C:\Users\tobug\AppData\Local\Temp\383f4cd9bf28be645e8ea3f4'... OK
Testing IFileSystem instance...
UserHomePath: C:\Users\tobug
UserDataDirectoryPath: C:\Users\tobug\.gcm
GetCurrentDirectory(): D:\work\project\gandengyan

------------
Diagnostic: Networking
Skipped: False
Success: True
Exception: None
Log:
Checking networking and HTTP stack...
Creating HTTP client... OK
IsNetworkAvailable: True
Sending HEAD request to http://example.com...Sending HEAD request to https://example.com... OK
 OK
Acquiring free TCP port... OK
Testing local HTTP loopback connections...
Creating new HTTP listener for http://localhost:13837/... OK
Waiting for loopback connection... OK
Writing response... OK
Waiting for response data... OK
Loopback connection data OK

------------
Diagnostic: Git
Skipped: False
Success: True
Exception: None
Log:
Getting Git version... OK
Git version is '2.53.0.windows.1'
Locating current repository...Git repository at 'D:/work/project/gandengyan/.git'
 OK
Listing all Git configuration... OK
Git configuration:
file:C:/Program Files/Git/etc/gitconfig	diff.astextplain.textconv=astextplain
file:C:/Program Files/Git/etc/gitconfig	filter.lfs.clean=git-lfs clean -- %f
file:C:/Program Files/Git/etc/gitconfig	filter.lfs.smudge=git-lfs smudge -- %f
file:C:/Program Files/Git/etc/gitconfig	filter.lfs.process=git-lfs filter-process
file:C:/Program Files/Git/etc/gitconfig	filter.lfs.required=true
file:C:/Program Files/Git/etc/gitconfig	http.sslbackend=schannel
file:C:/Program Files/Git/etc/gitconfig	core.autocrlf=true
file:C:/Program Files/Git/etc/gitconfig	core.fscache=true
file:C:/Program Files/Git/etc/gitconfig	core.symlinks=false
file:C:/Program Files/Git/etc/gitconfig	pull.rebase=false
file:C:/Program Files/Git/etc/gitconfig	credential.helper=manager
file:C:/Program Files/Git/etc/gitconfig	credential.https://dev.azure.com.usehttppath=true
file:C:/Program Files/Git/etc/gitconfig	init.defaultbranch=master
file:C:/Users/tobug/.gitconfig	credential.helper=manager
file:.git/config	core.repositoryformatversion=0
file:.git/config	core.filemode=false
file:.git/config	core.bare=false
file:.git/config	core.logallrefupdates=true
file:.git/config	core.symlinks=false
file:.git/config	core.ignorecase=true
file:.git/config	user.email=tobughan@users.noreply.github.com
file:.git/config	user.name=tobughan
file:.git/config	remote.origin.url=https://github.com/tobughan/gandengyan.git
file:.git/config	remote.origin.fetch=+refs/heads/*:refs/remotes/origin/*


------------
Diagnostic: Credential storage
Skipped: False
Success: True
Exception: None
Log:
ICredentialStore instance is of type: CredentialStore
Writing test credential... OK
Reading test credential... OK
Deleting test credential... OK

------------
Diagnostic: Microsoft authentication (AAD/MSA)
Skipped: False
Success: True
Exception: None
Log:
Broker is not enabled.
Flow type is: Auto
Gathering MSAL token cache data... OK
CacheDirectory: C:\Users\tobug\AppData\Local\.IdentityService
CacheFileName: msal.cache
CacheFilePath: C:\Users\tobug\AppData\Local\.IdentityService\msal.cache
Creating cache helper... OK
Verifying MSAL token cache persistence... OK

------------
Diagnostic: GitHub API
Skipped: False
Success: True
Exception: None
Log:
Using 'https://github.com/' as API target.
Querying '/meta' endpoint... OK

